<?xml version="1.0" encoding="UTF-8"?>
<!-- Generated by org.testng.reporters.JUnitReportReporter -->
<testsuite skipped="0" hostname="Anusha" name="com.mmp.admin_login.LoginTest" tests="8" failures="0" timestamp="20 Sep 2017 14:11:26 GMT" time="98.146" errors="0">
  <testcase name="logInWithValid" time="20.546" classname="com.mmp.admin_login.LoginTest"/>
  <testcase name="logInWithInvalid" time="11.683" classname="com.mmp.admin_login.LoginTest"/>
  <testcase name="logInWithInvalid" time="11.311" classname="com.mmp.admin_login.LoginTest"/>
  <testcase name="logInWithInvalid" time="11.270" classname="com.mmp.admin_login.LoginTest"/>
  <testcase name="logInWithBlank" time="10.537" classname="com.mmp.admin_login.LoginTest"/>
  <testcase name="forgotPwordLink" time="10.847" classname="com.mmp.admin_login.LoginTest"/>
  <testcase name="forgotPwordValid" time="11.140" classname="com.mmp.admin_login.LoginTest"/>
  <testcase name="forgotPwordInvalid" time="10.812" classname="com.mmp.admin_login.LoginTest"/>
</testsuite> <!-- com.mmp.admin_login.LoginTest -->
